<?xml version="1.0" encoding="UTF-8"?>
<testsuite xmlns:xsi="http://www.w3.org/2001/XMLSchema-instance" xsi:noNamespaceSchemaLocation="https://maven.apache.org/surefire/maven-surefire-plugin/xsd/surefire-test-report.xsd" version="3.0.2" name="br.com.pedidos_api.repository.ClienteRepositoryTest" time="1.576" tests="2" errors="0" skipped="0" failures="0" flakes="0">
  <properties>
[...]
</properties>
  <testcase name="naoDevePermitirCpfDuplicado" classname="br.com.pedidos_api.repository.ClienteRepositoryTest" time="0.356">
    <system-out><![CDATA[2026-07-06T21:24:44.703-03:00  INFO 11964 --- [           main] t.c.s.AnnotationConfigContextLoaderUtils : Could not detect default configuration classes for test class [br.com.pedidos_api.repository.ClienteRepositoryTest]: ClienteRepositoryTest does not declare any static, non-private, non-final, nested classes annotated with @Configuration.
2026-07-06T21:24:44.857-03:00  INFO 11964 --- [           main] .b.t.c.SpringBootTestContextBootstrapper : Found @SpringBootConfiguration br.com.pedidos_api.PedidosApiApplication for test class br.com.pedidos_api.repository.ClienteRepositoryTest
2026-07-06T21:24:44.860-03:00  INFO 11964 --- [           main] t.c.s.AnnotationConfigContextLoaderUtils : Could not detect default configuration classes for test class [br.com.pedidos_api.repository.ClienteRepositoryTest]: ClienteRepositoryTest does not declare any static, non-private, non-final, nested classes annotated with @Configuration.
2026-07-06T21:24:44.891-03:00  INFO 11964 --- [           main] .b.t.c.SpringBootTestContextBootstrapper : Found @SpringBootConfiguration br.com.pedidos_api.PedidosApiApplication for test class br.com.pedidos_api.repository.ClienteRepositoryTest

  .   ____          _            __ _ _
 /\\ / ___'_ __ _ _(_)_ __  __ _ \ \ \ \
( ( )\___ | '_ | '_| | '_ \/ _` | \ \ \ \
 \\/  ___)| |_)| | | | | || (_| |  ) ) ) )
  '  |____| .__|_| |_|_| |_\__, | / / / /
 =========|_|==============|___/=/_/_/_/

 :: Spring Boot ::                (v4.0.6)

2026-07-06T21:24:44.949-03:00  INFO 11964 --- [           main] b.c.p.repository.ClienteRepositoryTest   : Starting ClienteRepositoryTest using Java 21.0.9 with PID 11964 (started by sammy in C:\Users\sammy\Desenvolvimento\mentoria\pedidos-api)
2026-07-06T21:24:44.949-03:00  INFO 11964 --- [           main] b.c.p.repository.ClienteRepositoryTest   : No active profile set, falling back to 1 default profile: "default"
2026-07-06T21:24:45.171-03:00  INFO 11964 --- [           main] .s.d.r.c.RepositoryConfigurationDelegate : Bootstrapping Spring Data JPA repositories in DEFAULT mode.
2026-07-06T21:24:45.189-03:00  INFO 11964 --- [           main] .s.d.r.c.RepositoryConfigurationDelegate : Finished Spring Data repository scanning in 15 ms. Found 2 JPA repository interfaces.
2026-07-06T21:24:45.211-03:00  INFO 11964 --- [           main] beddedDataSourceBeanFactoryPostProcessor : Replacing 'dataSource' DataSource bean with embedded version
2026-07-06T21:24:45.268-03:00  INFO 11964 --- [           main] o.s.j.d.e.EmbeddedDatabaseFactory        : Starting embedded database: url='jdbc:h2:mem:f0bd3ba4-69a4-440c-a664-3b4da6b708f0;DB_CLOSE_DELAY=-1;DB_CLOSE_ON_EXIT=false', username='sa'
2026-07-06T21:24:45.318-03:00  INFO 11964 --- [           main] org.hibernate.orm.jpa                    : HHH008540: Processing PersistenceUnitInfo [name: default]
2026-07-06T21:24:45.491-03:00  INFO 11964 --- [           main] o.s.o.j.p.SpringPersistenceUnitInfo      : No LoadTimeWeaver setup: ignoring JPA class transformer
2026-07-06T21:24:45.494-03:00  WARN 11964 --- [           main] org.hibernate.orm.deprecation            : HHH90000025: H2Dialect does not need to be specified explicitly using 'hibernate.dialect' (remove the property setting and it will be selected by default)
2026-07-06T21:24:45.495-03:00  INFO 11964 --- [           main] org.hibernate.orm.connections.pooling    : HHH10001005: Database info:
	Database JDBC URL [jdbc:h2:mem:f0bd3ba4-69a4-440c-a664-3b4da6b708f0]
	Database driver: H2 JDBC Driver
	Database dialect: H2Dialect
	Database version: 2.4.240
	Default catalog/schema: F0BD3BA4-69A4-440C-A664-3B4DA6B708F0/PUBLIC
	Autocommit mode: undefined/unknown
	Isolation level: READ_COMMITTED [default READ_COMMITTED]
	JDBC fetch size: 100
	Pool: DataSourceConnectionProvider
	Minimum pool size: undefined/unknown
	Maximum pool size: undefined/unknown
2026-07-06T21:24:45.612-03:00  INFO 11964 --- [           main] org.hibernate.orm.core                   : HHH000489: No JTA platform available (set 'hibernate.transaction.jta.platform' to enable JTA platform integration)
Hibernate: create table tb_cliente (id bigint generated by default as identity, cpf varchar(11) not null, email varchar(100) not null, nome varchar(50) not null, telefone varchar(20), primary key (id))
Hibernate: create table tb_produto (id bigint generated by default as identity, ativo boolean not null, descricao varchar(255), nome varchar(100) not null, preco numeric(38,2) not null, primary key (id))
Hibernate: alter table if exists tb_cliente drop constraint if exists UKjgra977gi05fur83l225x4qkr
Hibernate: alter table if exists tb_cliente add constraint UKjgra977gi05fur83l225x4qkr unique (cpf)
Hibernate: alter table if exists tb_cliente drop constraint if exists UKir2m70agseiyyajtaxq7wsw20
Hibernate: alter table if exists tb_cliente add constraint UKir2m70agseiyyajtaxq7wsw20 unique (email)
2026-07-06T21:24:45.643-03:00  INFO 11964 --- [           main] j.LocalContainerEntityManagerFactoryBean : Initialized JPA EntityManagerFactory for persistence unit 'default'
2026-07-06T21:24:45.763-03:00  INFO 11964 --- [           main] b.c.p.repository.ClienteRepositoryTest   : Started ClienteRepositoryTest in 0.862 seconds (process running for 12.163)
Hibernate: insert into tb_cliente (cpf,email,nome,telefone,id) values (?,?,?,?,default)
Hibernate: insert into tb_cliente (cpf,email,nome,telefone,id) values (?,?,?,?,default)
2026-07-06T21:24:46.061-03:00  WARN 11964 --- [           main] org.hibernate.orm.jdbc.error             : HHH000247: ErrorCode: 23505, SQLState: 23505
2026-07-06T21:24:46.061-03:00  WARN 11964 --- [           main] org.hibernate.orm.jdbc.error             : Unique index or primary key violation: "PUBLIC.UKJGRA977GI05FUR83L225X4QKR INDEX PUBLIC.UKJGRA977GI05FUR83L225X4QKR_INDEX_4 ON PUBLIC.TB_CLIENTE(CPF NULLS FIRST) VALUES ( /* 1 */ '11122233344' )"; SQL statement:
insert into tb_cliente (cpf,email,nome,telefone,id) values (?,?,?,?,default) [23505-240]
]]></system-out>
  </testcase>
  <testcase name="deveSalvarClienteComSucesso" classname="br.com.pedidos_api.repository.ClienteRepositoryTest" time="0.099">
    <system-out><![CDATA[Hibernate: insert into tb_cliente (cpf,email,nome,telefone,id) values (?,?,?,?,default)
]]></system-out>
  </testcase>
</testsuite>